<?xml version="1.0" encoding="UTF-8"?>
<!-- Generated by org.testng.reporters.JUnitReportReporter -->
<testsuite hostname="DESKTOP-JJOP899" failures="0" tests="1" name="tests.AssertBook" time="23.616" errors="0" timestamp="2020-10-17T11:36:20 EET" skipped="0">
  <testcase classname="tests.AssertBook" name="assertBook" time="23.616"/>
</testsuite> <!-- tests.AssertBook -->
