<?xml version="1.0" encoding="UTF-8"?>
<!-- Generated by org.testng.reporters.JUnitReportReporter -->
<testsuite hostname="DESKTOP-JJOP899" failures="0" tests="1" name="tests.AssertLogin" time="3.285" errors="0" timestamp="2020-10-17T11:36:20 EET" skipped="0">
  <testcase classname="tests.AssertLogin" name="assertLogin" time="3.285"/>
</testsuite> <!-- tests.AssertLogin -->
