<?xml version="1.0" encoding="UTF-8"?>
<!-- Generated by org.testng.reporters.JUnitReportReporter -->
<testsuite hostname="DESKTOP-JJOP899" failures="0" tests="1" name="tests.AssertHotel" time="6.592" errors="0" timestamp="2020-10-17T11:36:20 EET" skipped="0">
  <testcase classname="tests.AssertHotel" name="assertHotel" time="6.592"/>
</testsuite> <!-- tests.AssertHotel -->
