<?xml version="1.0" encoding="UTF-8"?>
<!-- Generated by org.testng.reporters.JUnitReportReporter -->
<testsuite hostname="DESKTOP-JJOP899" failures="0" tests="1" name="tests.TestBase" time="11.473" errors="0" timestamp="2020-10-13T19:23:32 EET" skipped="0">
  <testcase classname="tests.TestBase" name="StartDriver" time="11.473"/>
</testsuite> <!-- tests.TestBase -->
